
  .   ____          _            __ _ _
 /\\ / ___'_ __ _ _(_)_ __  __ _ \ \ \ \
( ( )\___ | '_ | '_| | '_ \/ _` | \ \ \ \
 \\/  ___)| |_)| | | | | || (_| |  ) ) ) )
  '  |____| .__|_| |_|_| |_\__, | / / / /
 =========|_|==============|___/=/_/_/_/
 :: Spring Boot ::                (v2.7.0)

2026-06-27 14:32:24.210 [main] INFO  c.e.F.Film2NightMainApplication - Starting Film2NightMainApplication v0.0.1-SNAPSHOT using Java 17.0.12 on DESKTOP-NJSPOE1 with PID 11388 (C:\main\IT\Projects\Film2Night\Film2NightMain\target\Film2NightMain-0.0.1-SNAPSHOT.jar started by nazar in C:\main\IT\Projects\Film2Night\Film2NightMain)
2026-06-27 14:32:24.217 [main] INFO  c.e.F.Film2NightMainApplication - No active profile set, falling back to 1 default profile: "default"
2026-06-27 14:32:26.674 [main] INFO  o.s.d.r.c.RepositoryConfigurationDelegate - Bootstrapping Spring Data JPA repositories in DEFAULT mode.
2026-06-27 14:32:27.132 [main] INFO  o.s.d.r.c.RepositoryConfigurationDelegate - Finished Spring Data repository scanning in 434 ms. Found 9 JPA repository interfaces.
2026-06-27 14:32:30.095 [main] INFO  o.s.b.w.e.tomcat.TomcatWebServer - Tomcat initialized with port(s): 8181 (http)
2026-06-27 14:32:30.127 [main] INFO  o.a.coyote.http11.Http11NioProtocol - Initializing ProtocolHandler ["http-nio-8181"]
2026-06-27 14:32:30.129 [main] INFO  o.a.catalina.core.StandardService - Starting service [Tomcat]
2026-06-27 14:32:30.131 [main] INFO  o.a.catalina.core.StandardEngine - Starting Servlet engine: [Apache Tomcat/9.0.63]
2026-06-27 14:32:30.406 [main] INFO  o.a.c.c.C.[Tomcat].[localhost].[/] - Initializing Spring embedded WebApplicationContext
2026-06-27 14:32:30.408 [main] INFO  o.s.b.w.s.c.ServletWebServerApplicationContext - Root WebApplicationContext: initialization completed in 6065 ms
2026-06-27 14:32:31.107 [main] INFO  o.h.jpa.internal.util.LogHelper - HHH000204: Processing PersistenceUnitInfo [name: default]
2026-06-27 14:32:31.340 [main] INFO  org.hibernate.Version - HHH000412: Hibernate ORM core version 5.6.9.Final
2026-06-27 14:32:31.929 [main] INFO  o.h.annotations.common.Version - HCANN000001: Hibernate Commons Annotations {5.1.2.Final}
2026-06-27 14:32:32.373 [main] INFO  com.zaxxer.hikari.HikariDataSource - HikariPool-1 - Starting...
2026-06-27 14:32:32.882 [main] INFO  com.zaxxer.hikari.HikariDataSource - HikariPool-1 - Start completed.
2026-06-27 14:32:32.957 [main] INFO  org.hibernate.dialect.Dialect - HHH000400: Using dialect: org.hibernate.dialect.PostgreSQL10Dialect
2026-06-27 14:32:35.666 [main] INFO  o.h.e.t.j.p.i.JtaPlatformInitiator - HHH000490: Using JtaPlatform implementation: [org.hibernate.engine.transaction.jta.platform.internal.NoJtaPlatform]
2026-06-27 14:32:35.684 [main] INFO  o.s.o.j.LocalContainerEntityManagerFactoryBean - Initialized JPA EntityManagerFactory for persistence unit 'default'
2026-06-27 14:32:37.301 [main] WARN  o.s.b.a.o.j.JpaBaseConfiguration$JpaWebConfiguration - spring.jpa.open-in-view is enabled by default. Therefore, database queries may be performed during view rendering. Explicitly configure spring.jpa.open-in-view to disable this warning
2026-06-27 14:32:38.996 [main] INFO  o.s.s.web.DefaultSecurityFilterChain - Will secure any request with [org.springframework.security.web.session.DisableEncodeUrlFilter@67b355c8, org.springframework.security.web.context.request.async.WebAsyncManagerIntegrationFilter@388623ad, org.springframework.security.web.context.SecurityContextPersistenceFilter@3520963d, org.springframework.security.web.header.HeaderWriterFilter@22d322f5, org.springframework.security.web.authentication.logout.LogoutFilter@568750b7, com.example.Film2NightMain.security.JwtTokenFilter@91f565d, org.springframework.security.web.savedrequest.RequestCacheAwareFilter@1cd43562, org.springframework.security.web.servletapi.SecurityContextHolderAwareRequestFilter@2d74c81b, org.springframework.security.web.authentication.AnonymousAuthenticationFilter@46e3559f, org.springframework.security.web.session.SessionManagementFilter@6e60f18, org.springframework.security.web.access.ExceptionTranslationFilter@640cc04b, org.springframework.security.web.access.intercept.FilterSecurityInterceptor@45900b64]
2026-06-27 14:32:39.379 [main] INFO  o.s.b.a.w.s.WelcomePageHandlerMapping - Adding welcome page: class path resource [static/index.html]
2026-06-27 14:32:39.587 [main] WARN  o.s.b.a.t.ThymeleafAutoConfiguration$DefaultTemplateResolverConfiguration - Cannot find template location: classpath:/templates/ (please add some templates or check your Thymeleaf configuration)
2026-06-27 14:32:39.804 [main] INFO  o.a.coyote.http11.Http11NioProtocol - Starting ProtocolHandler ["http-nio-8181"]
2026-06-27 14:32:39.863 [main] INFO  o.s.b.w.e.tomcat.TomcatWebServer - Tomcat started on port(s): 8181 (http) with context path ''
2026-06-27 14:32:41.064 [main] INFO  c.e.F.Film2NightMainApplication - Started Film2NightMainApplication in 17.877 seconds (JVM running for 19.272)
Hibernate: select count(*) as col_0_0_ from roles role0_
2026-06-27 14:32:41.132 [main] INFO  c.e.F.config.DataInitializer - Data already initialized
